1611251480680	geckodriver	INFO	Listening on 127.0.0.1:29657
1611251483666	mozrunner::runner	INFO	Running command: "C:\\Users\\Administrator\\AppData\\Local\\Mozilla Firefox\\firefox.exe" "--marionette" "-foreground" "-no-remote" "-profile" "C:\\Users\\ADMINI~1\\AppData\\Local\\Temp\\rust_mozprofilekV1RVh"
1611251596869	geckodriver	INFO	Listening on 127.0.0.1:29955
1611251599862	mozrunner::runner	INFO	Running command: "C:\\Users\\Administrator\\AppData\\Local\\Mozilla Firefox\\firefox.exe" "--marionette" "-foreground" "-no-remote" "-profile" "C:\\Users\\ADMINI~1\\AppData\\Local\\Temp\\rust_mozprofileuhLdWe"
1611251615077	geckodriver	INFO	Listening on 127.0.0.1:30006
1611251618099	mozrunner::runner	INFO	Running command: "C:\\Users\\Administrator\\AppData\\Local\\Mozilla Firefox\\firefox.exe" "--marionette" "-foreground" "-no-remote" "-profile" "C:\\Users\\ADMINI~1\\AppData\\Local\\Temp\\rust_mozprofileBAI2vs"
1611252378777	geckodriver	INFO	Listening on 127.0.0.1:31654
1611252381818	mozrunner::runner	INFO	Running command: "C:\\Users\\Administrator\\AppData\\Local\\Mozilla Firefox\\firefox.exe" "--marionette" "-foreground" "-no-remote" "-profile" "C:\\Users\\ADMINI~1\\AppData\\Local\\Temp\\rust_mozprofile9HIlwA"
Can't find symbol 'eglSwapBuffersWithDamageEXT'.
Can't find symbol 'eglSetDamageRegionKHR'.
console.warn: SearchSettings: "get: No settings file exists, new profile?" (new Error("", "(unknown module)"))
1611252387114	Marionette	INFO	Listening on port 31663
1611252388143	Marionette	WARN	TLS certificate errors will be ignored for this session
1611252394280	Marionette	INFO	Stopped listening on port 31663
JavaScript error: resource://activity-stream/lib/ASRouter.jsm, line 987: NS_ERROR_ILLEGAL_VALUE: Component returned failure code: 0x80070057 (NS_ERROR_ILLEGAL_VALUE) [nsIObserverService.removeObserver]

###!!! [Child][MessageChannel] Error: (msgtype=0x5B000A,name=PHttpChannel::Msg_DeletingChannel) Channel closing: too late to send/recv, messages will be lost

1611370320054	geckodriver	INFO	Listening on 127.0.0.1:6773
1611370323111	mozrunner::runner	INFO	Running command: "C:\\Users\\Administrator\\AppData\\Local\\Mozilla Firefox\\firefox.exe" "--marionette" "-foreground" "-no-remote" "-profile" "C:\\Users\\ADMINI~1\\AppData\\Local\\Temp\\rust_mozprofilesudftC"
Can't find symbol 'eglSwapBuffersWithDamageEXT'.
Can't find symbol 'eglSetDamageRegionKHR'.
console.warn: SearchSettings: "get: No settings file exists, new profile?" (new Error("", "(unknown module)"))
1611370336880	Marionette	INFO	Listening on port 6783
1611370337900	Marionette	WARN	TLS certificate errors will be ignored for this session
1611370344042	Marionette	INFO	Stopped listening on port 6783
JavaScript error: resource://activity-stream/lib/ASRouter.jsm, line 987: NS_ERROR_ILLEGAL_VALUE: Component returned failure code: 0x80070057 (NS_ERROR_ILLEGAL_VALUE) [nsIObserverService.removeObserver]
[Parent 19100, Gecko_IOThread] WARNING: file /builds/worker/checkouts/gecko/ipc/chromium/src/base/process_util_win.cc:166

###!!! [Child][RunMessage] Error: Channel closing: too late to send/recv, messages will be lost

1611372876792	geckodriver	INFO	Listening on 127.0.0.1:8827
1611372879831	mozrunner::runner	INFO	Running command: "C:\\Users\\Administrator\\AppData\\Local\\Mozilla Firefox\\firefox.exe" "--marionette" "-foreground" "-no-remote" "-profile" "C:\\Users\\ADMINI~1\\AppData\\Local\\Temp\\rust_mozprofilepad7D1"
Can't find symbol 'eglSwapBuffersWithDamageEXT'.
Can't find symbol 'eglSetDamageRegionKHR'.
console.warn: SearchSettings: "get: No settings file exists, new profile?" (new Error("", "(unknown module)"))
1611372884555	Marionette	INFO	Listening on port 8835
1611372884892	Marionette	WARN	TLS certificate errors will be ignored for this session
1611372907438	Marionette	INFO	Stopped listening on port 8835

###!!! [Child][RunMessage] Error: Channel closing: too late to send/recv, messages will be lost

1611372928601	geckodriver	INFO	Listening on 127.0.0.1:8884
1611372931642	mozrunner::runner	INFO	Running command: "C:\\Users\\Administrator\\AppData\\Local\\Mozilla Firefox\\firefox.exe" "--marionette" "-foreground" "-no-remote" "-profile" "C:\\Users\\ADMINI~1\\AppData\\Local\\Temp\\rust_mozprofilextH30G"
Can't find symbol 'eglSwapBuffersWithDamageEXT'.
Can't find symbol 'eglSetDamageRegionKHR'.
console.warn: SearchSettings: "get: No settings file exists, new profile?" (new Error("", "(unknown module)"))
1611372936277	Marionette	INFO	Listening on port 8892
1611372936634	Marionette	WARN	TLS certificate errors will be ignored for this session
JavaScript error: resource://activity-stream/lib/ASRouter.jsm, line 987: NS_ERROR_ILLEGAL_VALUE: Component returned failure code: 0x80070057 (NS_ERROR_ILLEGAL_VALUE) [nsIObserverService.removeObserver]
[Parent 11068, Gecko_IOThread] WARNING: file /builds/worker/checkouts/gecko/ipc/chromium/src/base/process_util_win.cc:166
1611372955461	Marionette	INFO	Stopped listening on port 8892

###!!! [Child][RunMessage] Error: Channel closing: too late to send/recv, messages will be lost

1611373010877	geckodriver	INFO	Listening on 127.0.0.1:8945
1611373013917	mozrunner::runner	INFO	Running command: "C:\\Users\\Administrator\\AppData\\Local\\Mozilla Firefox\\firefox.exe" "--marionette" "-foreground" "-no-remote" "-profile" "C:\\Users\\ADMINI~1\\AppData\\Local\\Temp\\rust_mozprofileb9zZA9"
Can't find symbol 'eglSwapBuffersWithDamageEXT'.
Can't find symbol 'eglSetDamageRegionKHR'.
console.warn: SearchSettings: "get: No settings file exists, new profile?" (new Error("", "(unknown module)"))
1611373018411	Marionette	INFO	Listening on port 8953
1611373018897	Marionette	WARN	TLS certificate errors will be ignored for this session
1611373023786	Marionette	INFO	Stopped listening on port 8953
JavaScript error: resource://activity-stream/lib/ASRouter.jsm, line 987: NS_ERROR_ILLEGAL_VALUE: Component returned failure code: 0x80070057 (NS_ERROR_ILLEGAL_VALUE) [nsIObserverService.removeObserver]
[Parent 22348, Gecko_IOThread] WARNING: file /builds/worker/checkouts/gecko/ipc/chromium/src/base/process_util_win.cc:166

###!!! [Child][RunMessage] Error: Channel closing: too late to send/recv, messages will be lost

